[PREINITIALIZATION][CLIENT][INFO] Current loaders after merging: [[preinit]]
[PREINITIALIZATION][CLIENT][INFO] Loading scripts for loader with names [preinit]
[PREINITIALIZATION][CLIENT][INFO] [preinit | SIDE_CLIENT]: Skipping file {[0:crafttweaker]: hello.zs} as we are currently loading with a different loader
[PREINITIALIZATION][CLIENT][INFO] [preinit | SIDE_CLIENT]: Skipping file {[0:crafttweaker]: recipes.zs} as we are currently loading with a different loader
[PREINITIALIZATION][CLIENT][INFO] [preinit | SIDE_CLIENT]: Skipping file {[0:crafttweaker]: stages.zs} as we are currently loading with a different loader
[PREINITIALIZATION][CLIENT][INFO] Completed script loading in: 2ms
[INITIALIZATION][CLIENT][INFO] CraftTweaker: Building registry
[INITIALIZATION][CLIENT][INFO] CraftTweaker: Successfully built item registry
[INITIALIZATION][CLIENT][INFO] Current loaders after merging: [[preinit], [recipeevent | crafttweaker]]
[INITIALIZATION][CLIENT][INFO] Loading scripts for loader with names [crafttweaker | recipeevent]
[INITIALIZATION][CLIENT][INFO] [crafttweaker | SIDE_CLIENT]: Loading Script: {[0:crafttweaker]: hello.zs}
[INITIALIZATION][CLIENT][INFO] [crafttweaker | SIDE_CLIENT]: Loading Script: {[0:crafttweaker]: recipes.zs}
[INITIALIZATION][CLIENT][INFO] [crafttweaker | SIDE_CLIENT]: Loading Script: {[0:crafttweaker]: stages.zs}
[INITIALIZATION][CLIENT][INFO] Adding to item stage one. Stone - minecraft:stone:0
[INITIALIZATION][CLIENT][INFO] Completed script loading in: 298ms
[POSTINITIALIZATION][CLIENT][INFO] Removing Shaped recipes for <minecraft:water_bucket>
[POSTINITIALIZATION][CLIENT][INFO] 0 removed
[POSTINITIALIZATION][CLIENT][INFO] Removing Shaped recipes for <minecraft:water_bucket>
[POSTINITIALIZATION][CLIENT][INFO] 0 removed
[POSTINITIALIZATION][CLIENT][INFO] Removing Shaped recipes for <minecraft:log>
[POSTINITIALIZATION][CLIENT][INFO] 0 removed
[POSTINITIALIZATION][CLIENT][INFO] Adding shaped recipe for Furnace with name Furnace
[POSTINITIALIZATION][CLIENT][INFO] Adding shaped recipe for Primal Chest with name Primal Chest
[POSTINITIALIZATION][CLIENT][INFO] Adding shaped recipe for Iron Pickaxe with name Iron Pick
[POSTINITIALIZATION][CLIENT][INFO] Adding shaped recipe for Engineer's Hammer with name Hammer
[POSTINITIALIZATION][CLIENT][INFO] Adding shaped recipe for Water Bucket with name ct_shaped997920647
[POSTINITIALIZATION][CLIENT][INFO] Adding shaped recipe for Oak Wood with name ct_shaped-885321131
[SERVER_STARTED][CLIENT][INFO] Fixed the RecipeBook
